<?xml version="1.0" encoding="UTF-8"?>
<!-- Generated by org.testng.reporters.JUnitReportReporter -->
<testsuite hostname="Attu" failures="0" tests="1" name="runner.TC003_VerfiyFanPagesWorking" time="34.818" errors="0" timestamp="2022-03-27T10:43:12 IST" skipped="0">
  <testcase classname="runner.TC003_VerfiyFanPagesWorking" name="verifyFanPages" time="34.818"/>
  <system-out/>
</testsuite> <!-- runner.TC003_VerfiyFanPagesWorking -->
