<?xml version="1.0" encoding="UTF-8"?>
<!-- Generated by org.testng.reporters.JUnitReportReporter -->
<testsuite hostname="DESKTOP-BDAFN5M" failures="0" tests="3" name="runner.TC001_Login" time="22.366" errors="0" timestamp="2022-03-26T22:25:47 IST" skipped="0">
  <testcase classname="runner.TC001_Login" name="loginTest" time="6.807"/>
  <system-out/>
  <testcase classname="runner.TC001_Login" name="loginTest" time="9.009"/>
  <system-out/>
  <testcase classname="runner.TC001_Login" name="loginTest" time="6.550"/>
  <system-out/>
</testsuite> <!-- runner.TC001_Login -->
