<?xml version="1.0" encoding="UTF-8"?>
<!-- Generated by org.testng.reporters.JUnitReportReporter -->
<testsuite hostname="DESKTOP-BDAFN5M" failures="0" tests="1" name="runner.TC001Login" time="12.952" errors="0" timestamp="2022-03-25T17:03:09 IST" skipped="0">
  <testcase classname="runner.TC001Login" name="loginTest" time="12.952"/>
  <system-out/>
</testsuite> <!-- runner.TC001Login -->
