<?xml version="1.0" encoding="UTF-8"?>
<!-- Generated by org.testng.reporters.JUnitReportReporter -->
<testsuite hostname="DESKTOP-BDAFN5M" failures="0" tests="3" name="runner.TC002_Login_with_Invalid_data" time="47.273" errors="0" timestamp="2022-03-26T22:25:47 IST" skipped="0">
  <testcase classname="runner.TC002_Login_with_Invalid_data" name="loginTest" time="15.971"/>
  <system-out/>
  <testcase classname="runner.TC002_Login_with_Invalid_data" name="loginTest" time="14.968"/>
  <system-out/>
  <testcase classname="runner.TC002_Login_with_Invalid_data" name="loginTest" time="16.334"/>
  <system-out/>
</testsuite> <!-- runner.TC002_Login_with_Invalid_data -->
