<?xml version="1.0" encoding="UTF-8"?>
<!-- Generated by org.testng.reporters.JUnitReportReporter -->
<testsuite hostname="DESKTOP-BDAFN5M" failures="0" tests="1" name="runner.SampleTest" time="5.274" errors="0" timestamp="2022-03-24T12:40:49 IST" skipped="0">
  <testcase classname="runner.SampleTest" name="test" time="5.274"/>
  <system-out/>
</testsuite> <!-- runner.SampleTest -->
